This is pdfTeX, Version 3.1415926-2.4-1.40.13 (TeX Live 2012) (format=pdfetex 2012.6.30)  16 APR 2013 09:48
entering extended mode
 restricted \write18 enabled.
 file:line:error style messages enabled.
 %&-line parsing enabled.
**/Volumes/SHARE/MacSystem/Documents/dea-read-only-mac/github/aquamacs-config-m
aster/plugins/slime/doc/slime.texi

(/Volumes/SHARE/MacSystem/Documents/dea-read-only-mac/github/aquamacs-config-ma
ster/plugins/slime/doc/slime.texi
(/usr/local/texlive/2012/texmf-dist/tex/texinfo/texinfo.tex
Loading texinfo [version 2012-06-05.14]:
\bindingoffset=\dimen16
\normaloffset=\dimen17
\pagewidth=\dimen18
\pageheight=\dimen19
\outerhsize=\dimen20
\outervsize=\dimen21
\cornerlong=\dimen22
\cornerthick=\dimen23
\topandbottommargin=\dimen24
\headlinebox=\box16
\footlinebox=\box17
\margin=\insert252
\EMsimple=\toks13
\groupbox=\box18
\groupinvalidhelp=\toks14
\mil=\dimen25
\exdentamount=\skip18
\inmarginspacing=\skip19
\centerpenalty=\count27
 pdf,
\tempnum=\count28
\lnkcount=\count29
\filename=\toks15
\filenamelength=\count30
\pgn=\count31
\toksA=\toks16
\toksB=\toks17
\toksC=\toks18
\toksD=\toks19
\boxA=\box19
\countA=\count32
\nopdfimagehelp=\toks20
 fonts,
\sffam=\fam8
\textleading=\dimen26
 markup,
\fontdepth=\count33
 glyphs,
\errorbox=\box20

page headings,
\titlepagetopglue=\skip20
\titlepagebottomglue=\skip21
\evenheadline=\toks21
\oddheadline=\toks22
\evenfootline=\toks23
\oddfootline=\toks24
 tables,
\tableindent=\dimen27
\itemindent=\dimen28
\itemmargin=\dimen29
\itemmax=\dimen30
\itemno=\count34
\multitableparskip=\skip22
\multitableparindent=\skip23
\multitablecolspace=\dimen31
\multitablelinespace=\skip24
\colcount=\count35
\everytab=\toks25
 conditionals,
\doignorecount=\count36
 indexing,
\whatsitskip=\skip25
\whatsitpenalty=\count37
\secondaryindent=\skip26
\partialpage=\box21
\doublecolumnhsize=\dimen32
 sectioning,
\unnumberedno=\count38
\chapno=\count39
\secno=\count40
\subsecno=\count41
\subsubsecno=\count42
\appendixno=\count43
\absseclevel=\count44
\secbase=\count45
\chapheadingskip=\skip27
\secheadingskip=\skip28
\subsecheadingskip=\skip29
 toc,
\tocfile=\write0
\contentsrightmargin=\skip30
\savepageno=\count46
\lastnegativepageno=\count47
\tocindent=\dimen33
 environments,
\lispnarrowing=\skip31
\envskipamount=\skip32
\circthick=\dimen34
\cartouter=\dimen35
\cartinner=\dimen36
\normbskip=\skip33
\normpskip=\skip34
\normlskip=\skip35
\lskip=\skip36
\rskip=\skip37
\nonfillparindent=\dimen37
\tabw=\dimen38
\verbbox=\box22

defuns,
\defbodyindent=\skip38
\defargsindent=\skip39
\deflastargmargin=\skip40
\defunpenalty=\count48
\parencount=\count49
\brackcount=\count50
 macros,
\paramno=\count51
\macname=\toks26
 cross references,
\auxfile=\write1
\savesfregister=\count52
\toprefbox=\box23
\printedrefnamebox=\box24
\infofilenamebox=\box25
\printedmanualbox=\box26
 insertions,
\footnoteno=\count53
\SAVEfootins=\box27
\SAVEmargin=\box28

(/usr/local/texlive/2012/texmf-dist/tex/generic/epsf/epsf.tex
This is `epsf.tex' v2.7.4 <14 February 2011>
\epsffilein=\read1
\epsfframemargin=\dimen39
\epsfframethickness=\dimen40
\epsfrsize=\dimen41
\epsftmp=\dimen42
\epsftsize=\dimen43
\epsfxsize=\dimen44
\epsfysize=\dimen45
\pspoints=\dimen46
)
\noepsfhelp=\toks27
 localization,
\nolanghelp=\toks28
\countUTFx=\count54
\countUTFy=\count55
\countUTFz=\count56
 formatting,
\defaultparindent=\dimen47
 and turning on texinfo input format.) (./slime.aux)
\openout1 = `slime.aux'.

@cpindfile=@write2
@fnindfile=@write3
@vrindfile=@write4
@tpindfile=@write5
@kyindfile=@write6
@pgindfile=@write7
 <./slime-small.pdf> [1
\openout2 = `slime.cp'.

\openout3 = `slime.fn'.

\openout4 = `slime.vr'.

\openout5 = `slime.tp'.

\openout6 = `slime.ky'.

\openout7 = `slime.pg'.

{/usr/local/texlive/2012/texmf-var/fonts/map/pdftex/updmap/pdftex.map}] [2] (./
slime.toc [-1] [-2]) [-3] (./slime.toc) (./slime.toc)
Chapter 1
\openout0 = `slime.toc'.

 Chapter 2 [1] [2] [3]
Overfull \hbox (20.69044pt too wide) in paragraph at lines 515--515
 []@texttt (NAME (PROGRAM PROGRAM-ARGS...) &key CODING-SYSTEM INIT INIT-FUNCTIO
N ENV)[] |

@hbox(7.60416+2.43333)x433.62
.@glue(@leftskip) 28.90755
.@hbox(0.0+0.0)x0.0
.@texttt (
.@texttt N
.@texttt A
.etc.

[4] Chapter 3 [5] [6] [7] [8] [9] [10] [11] [12] [13] [14] [15] Chapter 4
[16] [17] [18] Chapter 5 [19] [20] [21] Chapter 6 [22]
Underfull \hbox (badness 7168) in paragraph at lines 1684--1688
 @texttt symbol*[] @textrm (see [][]Section 8.5 [Com-pound Com-ple-tion], page 
33[][]), and

@hbox(8.2125+2.73749)x433.62, glue set 4.15726
.@glue(@leftskip) 57.81621
.@texttt s
.@texttt y
.@texttt m
.@texttt b
.etc.


Underfull \hbox (badness 10000) in paragraph at lines 1684--1688
 @texttt slime-fuzzy-complete-symbol[] @textrm (see [][]Section 8.6 [Fuzzy Com-
ple-tion],

@hbox(8.2125+2.73749)x433.62, glue set 4.71748
.@glue(@leftskip) 57.81621
.@texttt s
.@texttt l
.@texttt i
.@texttt m
.etc.

[23] [24] [25] Chapter 7 [26]
Overfull \hbox (26.43913pt too wide) in paragraph at lines 2004--2004
 []@texttt (swank:create-server :port 4005  :dont-close t :coding-system "utf-8
-unix")[] |

@hbox(7.60416+2.43333)x433.62
.@glue(@leftskip) 28.90755
.@hbox(0.0+0.0)x0.0
.@texttt (
.@texttt s
.@texttt w
.etc.

[27]
Overfull \hbox (14.94176pt too wide) in paragraph at lines 2069--2069
 []                                        @texttt :remote-host "remote.example
.com"[] |

@hbox(6.69167+2.43333)x433.62
.@glue(@leftskip) 28.90755
.@hbox(0.0+0.0)x0.0
.@penalty 10000
.@glue 5.74869
.@penalty 10000
.etc.

[28] Chapter 8 [29] [30] [31] [32] [33]
Overfull \hbox (15.27109pt too wide) in paragraph at lines 2495--2495
 []@texttt (defmethod initialize-instance :after ((object foo) &key blub))[] |

@hbox(7.60416+2.43333)x433.62
.@glue(@leftskip) 86.72375
.@hbox(0.0+0.0)x0.0
.@texttt (
.@texttt d
.@texttt e
.etc.

[34] [35] [36] [37] [38] [39] [40] [41] Chapter 9 [42]
texinfo.tex: doing @include of contributors.texi

 (./contributors.texi
Missing character: There is no Ã in font cmr10!
Missing character: There is no ¡ in font cmr10!
Missing character: There is no Ã in font cmr10!
Missing character: There is no ­ in font cmr10!
Missing character: There is no Ã in font cmr10!
Missing character: There is no ± in font cmr10!
Missing character: There is no Ã in font cmr10!
Missing character: There is no ¸ in font cmr10!
Missing character: There is no Ã in font cmr10!
Missing character: There is no ¸ in font cmr10!
Missing character: There is no Ã in font cmr10!
Missing character: There is no ­ in font cmr10!
Missing character: There is no Ã in font cmr10!
Missing character: There is no © in font cmr10!
Missing character: There is no Ã in font cmr10!
Missing character: There is no ¡ in font cmr10!
Missing character: There is no í in font cmr10!
Missing character: There is no Ã in font cmr10!
Missing character: There is no © in font cmr10!
Missing character: There is no Ã in font cmr10!
Missing character: There is no ¡ in font cmr10!
Missing character: There is no Ã in font cmr10!
Missing character: There is no ¸ in font cmr10!
Missing character: There is no Ã in font cmr10!
Missing character: There is no ¥ in font cmr10!
Missing character: There is no á in font cmr10!

[43]) (Key (Character) Index) [44] (./slime.kys [45])
(Command and Function Index) [46] (./slime.fns [47])
(Variable and Concept Index) [48] (./slime.vrs) [49] ) 
Here is how much of TeX's memory you used:
 2444 strings out of 495044
 31850 string characters out of 3155949
 124296 words of memory out of 3000000
 3660 multiletter control sequences out of 15000+200000
 32127 words of font info for 112 fonts, out of 3000000 for 9000
 1269 hyphenation exceptions out of 8191
 16i,5n,16p,362b,758s stack positions out of 5000i,500n,10000p,200000b,50000s
</usr/local/texlive/2012/
texmf-dist/fonts/type1/public/amsfonts/cm/cmb10.pfb></usr/local/texlive/2012/te
xmf-dist/fonts/type1/public/amsfonts/cm/cmbx12.pfb></usr/local/texlive/2012/tex
mf-dist/fonts/type1/public/amsfonts/cm/cmmi10.pfb></usr/local/texlive/2012/texm
f-dist/fonts/type1/public/amsfonts/cm/cmmi12.pfb></usr/local/texlive/2012/texmf
-dist/fonts/type1/public/amsfonts/cm/cmmi9.pfb></usr/local/texlive/2012/texmf-d
ist/fonts/type1/public/amsfonts/cm/cmr10.pfb></usr/local/texlive/2012/texmf-dis
t/fonts/type1/public/amsfonts/cm/cmr7.pfb></usr/local/texlive/2012/texmf-dist/f
onts/type1/public/amsfonts/cm/cmr8.pfb></usr/local/texlive/2012/texmf-dist/font
s/type1/public/amsfonts/cm/cmr9.pfb></usr/local/texlive/2012/texmf-dist/fonts/t
ype1/public/amsfonts/cm/cmsl10.pfb></usr/local/texlive/2012/texmf-dist/fonts/ty
pe1/public/amsfonts/cm/cmsltt10.pfb></usr/local/texlive/2012/texmf-dist/fonts/t
ype1/public/amsfonts/cm/cmsy10.pfb></usr/local/texlive/2012/texmf-dist/fonts/ty
pe1/public/amsfonts/cm/cmti10.pfb></usr/local/texlive/2012/texmf-dist/fonts/typ
e1/public/amsfonts/cm/cmti9.pfb></usr/local/texlive/2012/texmf-dist/fonts/type1
/public/amsfonts/cm/cmtt10.pfb></usr/local/texlive/2012/texmf-dist/fonts/type1/
public/amsfonts/cm/cmtt12.pfb></usr/local/texlive/2012/texmf-dist/fonts/type1/p
ublic/amsfonts/cm/cmtt9.pfb>
Output written on slime.pdf (54 pages, 367209 bytes).
PDF statistics:
 1211 PDF objects out of 1440 (max. 8388607)
 1121 compressed objects within 12 object streams
 149 named destinations out of 1000 (max. 500000)
 706 words of extra memory for PDF output out of 10000 (max. 10000000)

